Resource Usage Report
Part: lfxp2_8e-6

Register bits: 951 of 8352 (11%)
PIC Latch:       0
I/O cells:       48

Details:
CCU2B:          414
FD1P3BX:        12
FD1P3DX:        308
FD1S3AX:        8
FD1S3AY:        1
FD1S3BX:        5
FD1S3DX:        608
GSR:            1
IB:             6
IFS1P3DX:       1
INV:            5
OB:             42
OFS1P3DX:       8
ORCALUT4:       807
PDPW16KB:       2
PFUMX:          1
PUR:            1
VHI:            10
VLO:            12
false:          2
true:           4
